<?xml version="1.0" encoding="UTF-8"?>
<testng-results ignored="0" total="1" passed="1" failed="0" skipped="0">
  <reporter-output>
  </reporter-output>
  <suite started-at="2023-07-18T16:55:23 IST" name="Default suite" finished-at="2023-07-18T16:56:02 IST" duration-ms="38974">
    <groups>
    </groups>
    <test started-at="2023-07-18T16:55:23 IST" name="Default test" finished-at="2023-07-18T16:56:02 IST" duration-ms="38974">
      <class name="test.Test1">
        <test-method is-config="true" signature="testing()[pri:0, instance:test.Test1@3527942a]" started-at="2023-07-18T16:55:23 IST" name="testing" finished-at="2023-07-18T16:55:29 IST" duration-ms="5824" status="PASS">
          <reporter-output>
          </reporter-output>
        </test-method> <!-- testing -->
        <test-method is-config="true" signature="method()[pri:0, instance:test.Test1@3527942a]" started-at="2023-07-18T16:55:29 IST" name="method" finished-at="2023-07-18T16:55:56 IST" duration-ms="26887" status="PASS">
          <reporter-output>
          </reporter-output>
        </test-method> <!-- method -->
        <test-method signature="testf()[pri:0, instance:test.Test1@3527942a]" started-at="2023-07-18T16:55:56 IST" name="testf" finished-at="2023-07-18T16:56:02 IST" duration-ms="6184" status="PASS">
          <reporter-output>
          </reporter-output>
        </test-method> <!-- testf -->
      </class> <!-- test.Test1 -->
    </test> <!-- Default test -->
  </suite> <!-- Default suite -->
</testng-results>
